<?xml version="1.0" encoding="UTF-8"?>
<!-- Generated by org.testng.reporters.JUnitXMLReporter -->
<testsuite ignored="0" hostname="Narendras-MacBook-Pro.local" failures="1" tests="2" name="Test" time="5.949" errors="0" timestamp="2024-10-25T14:27:44 IST">
  <testcase classname="Airlines.AirlineTest" name="createairline" time="4.346">
    <failure type="java.lang.AssertionError" message="expected [300] but found [200]">
      <![CDATA[java.lang.AssertionError: expected [300] but found [200]
at Airlines.AirlineTest.createairline(AirlineTest.java:30)
at java.base/java.util.ArrayList.forEach(ArrayList.java:1507)
... Removed 38 stack frames]]>
    </failure>
  </testcase> <!-- createairline -->
  <testcase classname="Airlines.AirlineTest" name="getAirlines" time="0.815"/>
</testsuite> <!-- Test -->
